\BOOKMARK [0][-]{Doc-Start}{\376\377\000L\000E\000M\000B\000A\000R\000\040\000P\000E\000R\000S\000E\000T\000U\000J\000U\000A\000N\000\040\000S\000K\000R\000I\000P\000S\000I}{}% 1
\BOOKMARK [0][-]{Doc-Start}{\376\377\000L\000E\000M\000B\000A\000R\000\040\000P\000E\000N\000G\000E\000S\000A\000H\000A\000N\000\040\000S\000K\000R\000I\000P\000S\000I}{}% 2
\BOOKMARK [0][-]{table.caption.1}{\376\377\000L\000E\000M\000B\000A\000R\000\040\000P\000E\000R\000N\000Y\000A\000T\000A\000A\000N\000\040\000K\000E\000A\000S\000L\000I\000A\000N\000\040\000S\000K\000R\000I\000P\000S\000I}{}% 3
\BOOKMARK [0][-]{section*.3}{\376\377\000A\000B\000S\000T\000R\000A\000K}{}% 4
\BOOKMARK [0][-]{section*.5}{\376\377\000K\000A\000T\000A\000\040\000P\000E\000N\000G\000A\000N\000T\000A\000R}{}% 5
\BOOKMARK [0][-]{section*.6}{\376\377\000D\000A\000F\000T\000A\000R\000\040\000I\000S\000I}{}% 6
\BOOKMARK [0][-]{section*.7}{\376\377\000D\000A\000F\000T\000A\000R\000\040\000T\000A\000B\000E\000L}{}% 7
\BOOKMARK [0][-]{section*.8}{\376\377\000D\000A\000F\000T\000A\000R\000\040\000G\000A\000M\000B\000A\000R}{}% 8
\BOOKMARK [0][-]{chapter.1}{\376\377\000P\000E\000N\000D\000A\000H\000U\000L\000U\000A\000N}{}% 9
\BOOKMARK [1][-]{section.1.1}{\376\377\000L\000a\000t\000a\000r\000\040\000B\000e\000l\000a\000k\000a\000n\000g\000\040\000M\000a\000s\000a\000l\000a\000h}{chapter.1}% 10
\BOOKMARK [1][-]{section.1.2}{\376\377\000I\000d\000e\000n\000t\000i\000f\000i\000k\000a\000s\000i\000\040\000M\000a\000s\000a\000l\000a\000h\000\040\000d\000a\000n\000\040\000P\000e\000m\000b\000a\000t\000a\000s\000a\000n\000\040\000M\000a\000s\000a\000l\000a\000h}{chapter.1}% 11
\BOOKMARK [2][-]{subsection.1.2.1}{\376\377\000I\000d\000e\000n\000t\000i\000f\000i\000k\000a\000s\000i\000\040\000M\000a\000s\000a\000l\000a\000h}{section.1.2}% 12
\BOOKMARK [2][-]{subsection.1.2.2}{\376\377\000P\000e\000m\000b\000a\000t\000a\000s\000a\000n\000\040\000M\000a\000s\000a\000l\000a\000h}{section.1.2}% 13
\BOOKMARK [2][-]{subsection.1.2.3}{\376\377\000P\000e\000r\000u\000m\000u\000s\000a\000n\000\040\000M\000a\000s\000a\000l\000a\000h}{section.1.2}% 14
\BOOKMARK [1][-]{section.1.3}{\376\377\000T\000u\000j\000u\000a\000n\000\040\000d\000a\000n\000\040\000M\000a\000n\000f\000a\000a\000t\000\040\000P\000e\000n\000e\000l\000i\000t\000i\000a\000n}{chapter.1}% 15
\BOOKMARK [2][-]{subsection.1.3.1}{\376\377\000T\000u\000j\000u\000a\000n}{section.1.3}% 16
\BOOKMARK [2][-]{subsection.1.3.2}{\376\377\000M\000a\000n\000f\000a\000a\000t}{section.1.3}% 17
\BOOKMARK [1][-]{section.1.4}{\376\377\000S\000i\000s\000t\000e\000m\000a\000t\000i\000k\000a\000\040\000P\000e\000n\000u\000l\000i\000s\000a\000n}{chapter.1}% 18
\BOOKMARK [0][-]{chapter.2}{\376\377\000L\000A\000N\000D\000A\000S\000A\000N\000\040\000T\000E\000O\000R\000I\000\040\000D\000A\000N\000\040\000K\000E\000R\000A\000N\000G\000K\000A\000\040\000P\000E\000M\000I\000K\000I\000R\000A\000N}{}% 19
\BOOKMARK [1][-]{section.2.1}{\376\377\000T\000i\000n\000j\000a\000u\000a\000n\000\040\000P\000u\000s\000t\000a\000k\000a}{chapter.2}% 20
\BOOKMARK [1][-]{section.2.2}{\376\377\000L\000a\000n\000d\000a\000s\000a\000n\000\040\000T\000e\000o\000r\000i}{chapter.2}% 21
\BOOKMARK [1][-]{section.2.3}{\376\377\000K\000e\000r\000a\000n\000g\000k\000a\000\040\000P\000e\000m\000i\000k\000i\000r\000a\000n}{chapter.2}% 22
\BOOKMARK [0][-]{chapter.3}{\376\377\000M\000E\000T\000O\000D\000E\000\040\000P\000E\000N\000E\000L\000I\000T\000I\000A\000N}{}% 23
\BOOKMARK [1][-]{section.3.1}{\376\377\000A\000n\000a\000l\000i\000s\000a\000\040\000K\000e\000b\000u\000t\000u\000h\000a\000n}{chapter.3}% 24
\BOOKMARK [1][-]{section.3.2}{\376\377\000P\000e\000r\000a\000n\000c\000a\000n\000g\000a\000n\000\040\000P\000e\000n\000e\000l\000i\000t\000i\000a\000n}{chapter.3}% 25
\BOOKMARK [1][-]{section.3.3}{\376\377\000T\000e\000k\000n\000i\000k\000\040\000A\000n\000a\000l\000i\000s\000i\000s}{chapter.3}% 26
\BOOKMARK [1][-]{section.3.4}{\376\377\000J\000a\000d\000w\000a\000l\000\040\000d\000a\000n\000\040\000B\000i\000a\000y\000a\000\040\000P\000e\000n\000e\000l\000i\000t\000i\000a\000n}{chapter.3}% 27
\BOOKMARK [0][-]{chapter.4}{\376\377\000H\000A\000S\000I\000L\000\040\000D\000A\000N\000\040\000P\000E\000M\000B\000A\000H\000A\000S\000A\000N}{}% 28
\BOOKMARK [1][-]{section.4.1}{\376\377\000H\000a\000s\000i\000l}{chapter.4}% 29
\BOOKMARK [1][-]{section.4.2}{\376\377\000P\000e\000m\000b\000a\000h\000a\000s\000a\000n}{chapter.4}% 30
\BOOKMARK [1][-]{section.4.3}{\376\377\000I\000m\000p\000l\000i\000k\000a\000s\000i\000\040\000P\000e\000n\000e\000l\000i\000t\000i\000a\000n}{chapter.4}% 31
\BOOKMARK [0][-]{chapter.5}{\376\377\000K\000E\000S\000I\000M\000P\000U\000L\000A\000N\000\040\000D\000A\000N\000\040\000S\000A\000R\000A\000N}{}% 32
\BOOKMARK [1][-]{section.5.1}{\376\377\000K\000e\000s\000i\000m\000p\000u\000l\000a\000n}{chapter.5}% 33
\BOOKMARK [1][-]{section.5.2}{\376\377\000S\000a\000r\000a\000n}{chapter.5}% 34
\BOOKMARK [0][-]{chapter.6}{\376\377\000P\000e\000n\000u\000l\000i\000s\000a\000n\000\040\000d\000e\000n\000g\000a\000n\000\040\000L\000a\000T\000e\000X\000-\000\040\000I\000N\000I\000\040\000H\000A\000N\000Y\000A\000\040\000T\000U\000T\000O\000R\000I\000A\000L}{}% 35
\BOOKMARK [1][-]{section.6.1}{\376\377\000M\000e\000m\000b\000u\000a\000t\000\040\000L\000i\000s\000t\000\040\000a\000t\000a\000u\000\040\000D\000a\000f\000t\000a\000r}{chapter.6}% 36
\BOOKMARK [2][-]{subsection.6.1.1}{\376\377\000L\000i\000s\000t\000\040\000a\000t\000a\000u\000\040\000D\000a\000f\000t\000a\000r\000\040\000d\000e\000n\000g\000a\000n\000\040\000p\000a\000c\000k\000e\000d\000\137\000e\000n\000u\000m}{section.6.1}% 37
\BOOKMARK [2][-]{subsection.6.1.2}{\376\377\000L\000i\000s\000t\000\040\000a\000t\000a\000u\000\040\000D\000a\000f\000t\000a\000r\000\040\000d\000e\000n\000g\000a\000n\000\040\000p\000a\000c\000k\000e\000d\000\137\000i\000t\000e\000m}{section.6.1}% 38
\BOOKMARK [1][-]{section.6.2}{\376\377\000M\000e\000n\000u\000l\000i\000s\000k\000a\000n\000\040\000K\000o\000d\000e\000\040\000P\000r\000o\000g\000r\000a\000m\000\040\000d\000e\000n\000g\000a\000n\000\040\000L\000i\000s\000t\000i\000n\000g}{chapter.6}% 39
\BOOKMARK [1][-]{section.6.3}{\376\377\000M\000e\000n\000a\000m\000b\000a\000h\000k\000a\000n\000\040\000G\000a\000m\000b\000a\000r}{chapter.6}% 40
\BOOKMARK [1][-]{section.6.4}{\376\377\000M\000e\000m\000b\000u\000a\000t\000\040\000G\000r\000a\000f\000i\000k\000\040\000d\000e\000n\000g\000a\000n\000\040\000T\000i\000k\000z}{chapter.6}% 41
\BOOKMARK [2][-]{subsection.6.4.1}{\376\377\000M\000e\000n\000g\000g\000a\000m\000b\000a\000r\000\040\000G\000a\000r\000i\000s\000\040\000d\000a\000n\000\040\000B\000e\000n\000t\000u\000k\000\040\000D\000a\000s\000a\000r}{section.6.4}% 42
\BOOKMARK [2][-]{subsection.6.4.2}{\376\377\000M\000e\000n\000g\000g\000a\000m\000b\000a\000r\000\040\000G\000r\000a\000f\000i\000k\000\040\000F\000u\000n\000g\000s\000i}{section.6.4}% 43
\BOOKMARK [2][-]{subsection.6.4.3}{\376\377\000M\000e\000n\000g\000g\000a\000m\000b\000a\000r\000\040\000D\000i\000a\000g\000r\000a\000m\000\040\000A\000l\000i\000r}{section.6.4}% 44
\BOOKMARK [2][-]{subsection.6.4.4}{\376\377\000M\000e\000n\000g\000g\000a\000m\000b\000a\000r\000\040\000G\000r\000a\000f\000i\000k\000\040\000B\000a\000t\000a\000n\000g}{section.6.4}% 45
\BOOKMARK [2][-]{subsection.6.4.5}{\376\377\000M\000e\000n\000g\000g\000a\000m\000b\000a\000r\000\040\000G\000r\000a\000f\000i\000k\000\040\000P\000i\000e}{section.6.4}% 46
\BOOKMARK [1][-]{section.6.5}{\376\377\000M\000e\000m\000b\000u\000a\000t\000\040\000T\000a\000b\000e\000l}{chapter.6}% 47
\BOOKMARK [1][-]{section.6.6}{\376\377\000M\000e\000n\000a\000m\000b\000a\000h\000k\000a\000n\000\040\000P\000e\000r\000s\000a\000m\000a\000a\000n}{chapter.6}% 48
\BOOKMARK [1][-]{section.6.7}{\376\377\000R\000e\000f\000e\000r\000e\000n\000s\000i\000\040\000d\000a\000n\000\040\000S\000i\000t\000a\000s\000i}{chapter.6}% 49
\BOOKMARK [0][-]{section*.20}{\376\377\000D\000A\000F\000T\000A\000R\000\040\000P\000U\000S\000T\000A\000K\000A}{}% 50
\BOOKMARK [0][-]{appendix*.22}{\376\377\000L\000A\000M\000P\000I\000R\000A\000N\000\040\000A\000\040\000K\000O\000D\000E\000\040\000P\000R\000O\000G\000R\000A\000M}{}% 51
\BOOKMARK [1][-]{section*.23}{\376\377\000L\000a\000m\000p\000i\000r\000a\000n\000\040\000A\000.\0001\000.\000\040\000P\000r\000o\000g\000r\000a\000m\000\040\000P\000e\000m\000b\000a\000c\000a\000a\000n\000\040\000S\000e\000n\000s\000o\000r\000\040\000U\000l\000t\000r\000a\000s\000o\000n\000i\000c}{appendix*.22}% 52
\BOOKMARK [1][-]{section*.23}{\376\377\000L\000a\000m\000p\000i\000r\000a\000n\000\040\000A\000.\0002\000.\000\040\000P\000r\000o\000g\000r\000a\000m\000\040\000K\000e\000s\000e\000l\000u\000r\000u\000h\000a\000n\000\040\000P\000r\000o\000y\000e\000k\000\040\000A\000k\000h\000i\000r}{appendix*.22}% 53
\BOOKMARK [0][-]{appendix*.24}{\376\377\000L\000A\000M\000P\000I\000R\000A\000N\000\040\000B\000\040\000G\000A\000M\000B\000A\000R\000-\000G\000A\000M\000B\000A\000R}{}% 54
\BOOKMARK [1][-]{section*.25}{\376\377\000L\000a\000m\000p\000i\000r\000a\000n\000\040\000B\000.\0001\000.\000\040\000F\000o\000t\000o\000\040\000A\000k\000t\000i\000v\000i\000t\000a\000s\000\040\000K\000e\000g\000i\000a\000t\000a\000n\000\040\000P\000r\000o\000y\000e\000k\000\040\000A\000k\000h\000i\000r}{appendix*.24}% 55
\BOOKMARK [1][-]{figure.caption.26}{\376\377\000L\000a\000m\000p\000i\000r\000a\000n\000\040\000B\000.\0002\000.\000\040\000F\000o\000t\000o\000\040\000P\000r\000o\000d\000u\000k\000\040\000P\000r\000o\000y\000e\000k\000\040\000A\000k\000h\000i\000r}{appendix*.24}% 56
